The system is: Linux - 5.15.0-58-generic - x86_64
Compiling the CXX compiler identification source file "CMakeCXXCompilerId.cpp" succeeded.
Compiler: /usr/bin/c++ 
Build flags: 
Id flags:  

The output was:
0


Compilation of the CXX compiler identification source "CMakeCXXCompilerId.cpp" produced "a.out"

The CXX compiler identification is GNU, found in "/home/ctrtemp/Documents/VS_Code_Prj/Learning/LeetCode/05__230517/leetcode_on_the_way/list/build/CMakeFiles/3.22.1/CompilerIdCXX/a.out"

Detecting CXX compiler ABI info compiled with the following output:
Change Dir: /home/ctrtemp/Documents/VS_Code_Prj/Learning/LeetCode/05__230517/leetcode_on_the_way/list/build/CMakeFiles/CMakeTmp

Run Build Command(s):/usr/bin/gmake -f Makefile cmTC_0eb02/fast && /usr/bin/gmake  -f CMakeFiles/cmTC_0eb02.dir/build.make CMakeFiles/cmTC_0eb02.dir/build
gmake[1]: Entering directory '/home/ctrtemp/Documents/VS_Code_Prj/Learning/LeetCode/05__230517/leetcode_on_the_way/list/build/CMakeFiles/CMakeTmp'
Building CXX object CMakeFiles/cmTC_0eb02.dir/CMakeCXXCompilerABI.cpp.o
/usr/bin/c++   -v -o CMakeFiles/cmTC_0eb02.dir/CMakeCXXCompilerABI.cpp.o -c /usr/share/cmake-3.22/Modules/CMakeCXXCompilerABI.cpp
Using built-in specs.
COLLECT_GCC=/usr/bin/c++
OFFLOAD_TARGET_NAMES=nvptx-none:amdgcn-amdhsa
OFFLOAD_TARGET_DEFAULT=1
Target: x86_64-linux-gnu
Configured with: ../src/configure -v --with-pkgversion='Ubuntu 11.3.0-1ubuntu1~22.04' --with-bugurl=file:///usr/share/doc/gcc-11/README.Bugs --enable-languages=c,ada,c++,go,brig,d,fortran,objc,obj-c++,m2 --prefix=/usr --with-gcc-major-version-only --program-suffix=-11 --program-prefix=x86_64-linux-gnu- --enable-shared --enable-linker-build-id --libexecdir=/usr/lib --without-included-gettext --enable-threads=posix --libdir=/usr/lib --enable-nls --enable-bootstrap --enable-clocale=gnu --enable-libstdcxx-debug --enable-libstdcxx-time=yes --with-default-libstdcxx-abi=new --enable-gnu-unique-object --disable-vtable-verify --enable-plugin --enable-default-pie --with-system-zlib --enable-libphobos-checking=release --with-target-system-zlib=auto --enable-objc-gc=auto --enable-multiarch --disable-werror --enable-cet --with-arch-32=i686 --with-abi=m64 --with-multilib-list=m32,m64,mx32 --enable-multilib --with-tune=generic --enable-offload-targets=nvptx-none=/build/gcc-11-xKiWfi/gcc-11-11.3.0/debian/tmp-nvptx/usr,amdgcn-amdhsa=/build/gcc-11-xKiWfi/gcc-11-11.3.0/debian/tmp-gcn/usr --without-cuda-driver --enable-checking=release --build=x86_64-linux-gnu --host=x86_64-linux-gnu --target=x86_64-linux-gnu --with-build-config=bootstrap-lto-lean --enable-link-serialization=2
Thread model: posix
Supported LTO compression algorithms: zlib zstd
gcc version 11.3.0 (Ubuntu 11.3.0-1ubuntu1~22.04) 
COLLECT_GCC_OPTIONS='-v' '-o' 'CMakeFiles/cmTC_0eb02.dir/CMakeCXXCompilerABI.cpp.o' '-c' '-shared-libgcc' '-mtune=generic' '-march=x86-64' '-dumpdir' 'CMakeFiles/cmTC_0eb02.dir/'
 /usr/lib/gcc/x86_64-linux-gnu/11/cc1plus -quiet -v -imultiarch x86_64-linux-gnu -D_GNU_SOURCE /usr/share/cmake-3.22/Modules/CMakeCXXCompilerABI.cpp -quiet -dumpdir CMakeFiles/cmTC_0eb02.dir/ -dumpbase CMakeCXXCompilerABI.cpp.cpp -dumpbase-ext .cpp -mtune=generic -march=x86-64 -version -fasynchronous-unwind-tables -fstack-protector-strong -Wformat -Wformat-security -fstack-clash-protection -fcf-protection -o /tmp/ccFfrSaJ.s
GNU C++17 (Ubuntu 11.3.0-1ubuntu1~22.04) version 11.3.0 (x86_64-linux-gnu)
	compiled by GNU C version 11.3.0, GMP version 6.2.1, MPFR version 4.1.0, MPC version 1.2.1, isl version isl-0.24-GMP

GGC heuristics: --param ggc-min-expand=100 --param ggc-min-heapsize=131072
ignoring duplicate directory "/usr/include/x86_64-linux-gnu/c++/11"
ignoring nonexistent directory "/usr/local/include/x86_64-linux-gnu"
ignoring nonexistent directory "/usr/lib/gcc/x86_64-linux-gnu/11/include-fixed"
ignoring nonexistent directory "/usr/lib/gcc/x86_64-linux-gnu/11/../../../../x86_64-linux-gnu/include"
#include "..." search starts here:
#include <...> search starts here:
 .
 /home/ctrtemp/Downloads/Libs/C_CPP/GMP/installed/include
 /home/ctrtemp/Downloads/Libs/C_CPP/MPFR/installed/include
 /home/ctrtemp/Downloads/Libs/C_CPP/MPC/installed/include
 /home/ctrtemp/Downloads/Libs/C_CPP/OpenCV/installed_4.5.2/include/opencv4
 /home/ctrtemp/Downloads/Libs/C_CPP/GLFW/installed/include
 /home/ctrtemp/Downloads/Libs/C_CPP/MPI/installed/include
 /home/ctrtemp/Downloads/Libs/C_CPP/glm/installed/include
 /home/ctrtemp/Downloads/Libs/C_CPP/Vulkan/1.3.224.1/x86_64/include
 /home/ctrtemp/Downloads/Libs/C_CPP/stb_image/stb-master
 /home/ctrtemp/Downloads/Libs/C_CPP/Tiny_OBJ_Loader/tinyobjloader-release
 /usr/local/cuda-11.7/include
 /home/ctrtemp/Downloads/Libs/C_CPP/Eigen/installed/include
 /home/ctrtemp/Downloads/Libs/C_CPP/Boost/installed/include
 /home/ctrtemp/Downloads/Libs/C_CPP/WebSocket++/websocketpp-master
 /home/ctrtemp/Downloads/Libs/C_CPP/JsonCpp/installed/include
 /home/ctrtemp/Downloads/Libs/C_CPP/Protobuf/installed/include
 /home/ctrtemp/Downloads/Libs/C_CPP/Base64/installed/include
 /usr/include/c++/11
 /usr/include/x86_64-linux-gnu/c++/11
 /usr/include/c++/11/backward
 /usr/lib/gcc/x86_64-linux-gnu/11/include
 /usr/local/include
 /usr/include/x86_64-linux-gnu
 /usr/include
End of search list.
GNU C++17 (Ubuntu 11.3.0-1ubuntu1~22.04) version 11.3.0 (x86_64-linux-gnu)
	compiled by GNU C version 11.3.0, GMP version 6.2.1, MPFR version 4.1.0, MPC version 1.2.1, isl version isl-0.24-GMP

GGC heuristics: --param ggc-min-expand=100 --param ggc-min-heapsize=131072
Compiler executable checksum: 449548cbb29044828dc7ea158b577b98
COLLECT_GCC_OPTIONS='-v' '-o' 'CMakeFiles/cmTC_0eb02.dir/CMakeCXXCompilerABI.cpp.o' '-c' '-shared-libgcc' '-mtune=generic' '-march=x86-64' '-dumpdir' 'CMakeFiles/cmTC_0eb02.dir/'
 as -v --64 -o CMakeFiles/cmTC_0eb02.dir/CMakeCXXCompilerABI.cpp.o /tmp/ccFfrSaJ.s
GNU assembler version 2.38 (x86_64-linux-gnu) using BFD version (GNU Binutils for Ubuntu) 2.38
COMPILER_PATH=/usr/lib/gcc/x86_64-linux-gnu/11/:/usr/lib/gcc/x86_64-linux-gnu/11/:/usr/lib/gcc/x86_64-linux-gnu/:/usr/lib/gcc/x86_64-linux-gnu/11/:/usr/lib/gcc/x86_64-linux-gnu/
LIBRARY_PATH=/home/ctrtemp/Downloads/Libs/C_CPP/GMP/installed/lib/../lib/:/home/ctrtemp/Downloads/Libs/C_CPP/MPFR/installed/lib/../lib/:/home/ctrtemp/Downloads/Libs/C_CPP/MPC/installed/lib/../lib/:/home/ctrtemp/Downloads/Libs/C_CPP/OpenCV/installed_4.5.2/lib/../lib/:/home/ctrtemp/Downloads/Libs/C_CPP/GLFW/installed/lib/../lib/:/home/ctrtemp/Downloads/Libs/C_CPP/MPI/installed/lib/../lib/:/home/ctrtemp/Downloads/Libs/C_CPP/glm/installed/lib/../lib/:/home/ctrtemp/Downloads/Libs/C_CPP/Vulkan/1.3.224.1/x86_64/lib/../lib/:/usr/local/cuda-11.7/lib64/../lib/:/home/ctrtemp/Downloads/Libs/C_CPP/Boost/installed/lib/../lib/:/home/ctrtemp/Downloads/Libs/C_CPP/JsonCpp/installed/lib/../lib/:/home/ctrtemp/Downloads/Libs/C_CPP/Protobuf/installed/lib/../lib/:/home/ctrtemp/Downloads/Libs/C_CPP/Base64/installed/lib/../lib/:/usr/lib/gcc/x86_64-linux-gnu/11/:/usr/lib/gcc/x86_64-linux-gnu/11/../../../x86_64-linux-gnu/:/usr/lib/gcc/x86_64-linux-gnu/11/../../../../lib/:/lib/x86_64-linux-gnu/:/lib/../lib/:/usr/lib/x86_64-linux-gnu/:/usr/lib/../lib/:./:/home/ctrtemp/Downloads/Libs/C_CPP/GMP/installed/lib/:/home/ctrtemp/Downloads/Libs/C_CPP/MPFR/installed/lib/:/home/ctrtemp/Downloads/Libs/C_CPP/MPC/installed/lib/:/home/ctrtemp/Downloads/Libs/C_CPP/OpenCV/installed_4.5.2/lib/:/home/ctrtemp/Downloads/Libs/C_CPP/GLFW/installed/lib/:/home/ctrtemp/Downloads/Libs/C_CPP/MPI/installed/lib/:/home/ctrtemp/Downloads/Libs/C_CPP/glm/installed/lib/:/home/ctrtemp/Downloads/driver/NVIDIA-Linux-x86_64-525.85.05/:/home/ctrtemp/Downloads/Libs/C_CPP/Vulkan/1.3.224.1/x86_64/lib/:/usr/local/cuda-11.7/lib64/:/home/ctrtemp/Downloads/Libs/C_CPP/Boost/installed/lib/:/home/ctrtemp/Downloads/Libs/C_CPP/JsonCpp/installed/lib/:/home/ctrtemp/Downloads/Libs/C_CPP/Protobuf/installed/lib/:/home/ctrtemp/Downloads/Libs/C_CPP/Base64/installed/lib/:/usr/lib/gcc/x86_64-linux-gnu/11/../../../:/lib/:/usr/lib/
COLLECT_GCC_OPTIONS='-v' '-o' 'CMakeFiles/cmTC_0eb02.dir/CMakeCXXCompilerABI.cpp.o' '-c' '-shared-libgcc' '-mtune=generic' '-march=x86-64' '-dumpdir' 'CMakeFiles/cmTC_0eb02.dir/CMakeCXXCompilerABI.cpp.'
Linking CXX executable cmTC_0eb02
/usr/bin/cmake -E cmake_link_script CMakeFiles/cmTC_0eb02.dir/link.txt --verbose=1
/usr/bin/c++  -v CMakeFiles/cmTC_0eb02.dir/CMakeCXXCompilerABI.cpp.o -o cmTC_0eb02 
Using built-in specs.
COLLECT_GCC=/usr/bin/c++
COLLECT_LTO_WRAPPER=/usr/lib/gcc/x86_64-linux-gnu/11/lto-wrapper
OFFLOAD_TARGET_NAMES=nvptx-none:amdgcn-amdhsa
OFFLOAD_TARGET_DEFAULT=1
Target: x86_64-linux-gnu
Configured with: ../src/configure -v --with-pkgversion='Ubuntu 11.3.0-1ubuntu1~22.04' --with-bugurl=file:///usr/share/doc/gcc-11/README.Bugs --enable-languages=c,ada,c++,go,brig,d,fortran,objc,obj-c++,m2 --prefix=/usr --with-gcc-major-version-only --program-suffix=-11 --program-prefix=x86_64-linux-gnu- --enable-shared --enable-linker-build-id --libexecdir=/usr/lib --without-included-gettext --enable-threads=posix --libdir=/usr/lib --enable-nls --enable-bootstrap --enable-clocale=gnu --enable-libstdcxx-debug --enable-libstdcxx-time=yes --with-default-libstdcxx-abi=new --enable-gnu-unique-object --disable-vtable-verify --enable-plugin --enable-default-pie --with-system-zlib --enable-libphobos-checking=release --with-target-system-zlib=auto --enable-objc-gc=auto --enable-multiarch --disable-werror --enable-cet --with-arch-32=i686 --with-abi=m64 --with-multilib-list=m32,m64,mx32 --enable-multilib --with-tune=generic --enable-offload-targets=nvptx-none=/build/gcc-11-xKiWfi/gcc-11-11.3.0/debian/tmp-nvptx/usr,amdgcn-amdhsa=/build/gcc-11-xKiWfi/gcc-11-11.3.0/debian/tmp-gcn/usr --without-cuda-driver --enable-checking=release --build=x86_64-linux-gnu --host=x86_64-linux-gnu --target=x86_64-linux-gnu --with-build-config=bootstrap-lto-lean --enable-link-serialization=2
Thread model: posix
Supported LTO compression algorithms: zlib zstd
gcc version 11.3.0 (Ubuntu 11.3.0-1ubuntu1~22.04) 
COMPILER_PATH=/usr/lib/gcc/x86_64-linux-gnu/11/:/usr/lib/gcc/x86_64-linux-gnu/11/:/usr/lib/gcc/x86_64-linux-gnu/:/usr/lib/gcc/x86_64-linux-gnu/11/:/usr/lib/gcc/x86_64-linux-gnu/
LIBRARY_PATH=/home/ctrtemp/Downloads/Libs/C_CPP/GMP/installed/lib/../lib/:/home/ctrtemp/Downloads/Libs/C_CPP/MPFR/installed/lib/../lib/:/home/ctrtemp/Downloads/Libs/C_CPP/MPC/installed/lib/../lib/:/home/ctrtemp/Downloads/Libs/C_CPP/OpenCV/installed_4.5.2/lib/../lib/:/home/ctrtemp/Downloads/Libs/C_CPP/GLFW/installed/lib/../lib/:/home/ctrtemp/Downloads/Libs/C_CPP/MPI/installed/lib/../lib/:/home/ctrtemp/Downloads/Libs/C_CPP/glm/installed/lib/../lib/:/home/ctrtemp/Downloads/Libs/C_CPP/Vulkan/1.3.224.1/x86_64/lib/../lib/:/usr/local/cuda-11.7/lib64/../lib/:/home/ctrtemp/Downloads/Libs/C_CPP/Boost/installed/lib/../lib/:/home/ctrtemp/Downloads/Libs/C_CPP/JsonCpp/installed/lib/../lib/:/home/ctrtemp/Downloads/Libs/C_CPP/Protobuf/installed/lib/../lib/:/home/ctrtemp/Downloads/Libs/C_CPP/Base64/installed/lib/../lib/:/usr/lib/gcc/x86_64-linux-gnu/11/:/usr/lib/gcc/x86_64-linux-gnu/11/../../../x86_64-linux-gnu/:/usr/lib/gcc/x86_64-linux-gnu/11/../../../../lib/:/lib/x86_64-linux-gnu/:/lib/../lib/:/usr/lib/x86_64-linux-gnu/:/usr/lib/../lib/:./:/home/ctrtemp/Downloads/Libs/C_CPP/GMP/installed/lib/:/home/ctrtemp/Downloads/Libs/C_CPP/MPFR/installed/lib/:/home/ctrtemp/Downloads/Libs/C_CPP/MPC/installed/lib/:/home/ctrtemp/Downloads/Libs/C_CPP/OpenCV/installed_4.5.2/lib/:/home/ctrtemp/Downloads/Libs/C_CPP/GLFW/installed/lib/:/home/ctrtemp/Downloads/Libs/C_CPP/MPI/installed/lib/:/home/ctrtemp/Downloads/Libs/C_CPP/glm/installed/lib/:/home/ctrtemp/Downloads/driver/NVIDIA-Linux-x86_64-525.85.05/:/home/ctrtemp/Downloads/Libs/C_CPP/Vulkan/1.3.224.1/x86_64/lib/:/usr/local/cuda-11.7/lib64/:/home/ctrtemp/Downloads/Libs/C_CPP/Boost/installed/lib/:/home/ctrtemp/Downloads/Libs/C_CPP/JsonCpp/installed/lib/:/home/ctrtemp/Downloads/Libs/C_CPP/Protobuf/installed/lib/:/home/ctrtemp/Downloads/Libs/C_CPP/Base64/installed/lib/:/usr/lib/gcc/x86_64-linux-gnu/11/../../../:/lib/:/usr/lib/
COLLECT_GCC_OPTIONS='-v' '-o' 'cmTC_0eb02' '-shared-libgcc' '-mtune=generic' '-march=x86-64' '-dumpdir' 'cmTC_0eb02.'
 /usr/lib/gcc/x86_64-linux-gnu/11/collect2 -plugin /usr/lib/gcc/x86_64-linux-gnu/11/liblto_plugin.so -plugin-opt=/usr/lib/gcc/x86_64-linux-gnu/11/lto-wrapper -plugin-opt=-fresolution=/tmp/ccG8FFlO.res -plugin-opt=-pass-through=-lgcc_s -plugin-opt=-pass-through=-lgcc -plugin-opt=-pass-through=-lc -plugin-opt=-pass-through=-lgcc_s -plugin-opt=-pass-through=-lgcc --build-id --eh-frame-hdr -m elf_x86_64 --hash-style=gnu --as-needed -dynamic-linker /lib64/ld-linux-x86-64.so.2 -pie -z now -z relro -o cmTC_0eb02 /usr/lib/gcc/x86_64-linux-gnu/11/../../../x86_64-linux-gnu/Scrt1.o /usr/lib/gcc/x86_64-linux-gnu/11/../../../x86_64-linux-gnu/crti.o /usr/lib/gcc/x86_64-linux-gnu/11/crtbeginS.o -L/home/ctrtemp/Downloads/Libs/C_CPP/GMP/installed/lib/../lib -L/home/ctrtemp/Downloads/Libs/C_CPP/MPFR/installed/lib/../lib -L/home/ctrtemp/Downloads/Libs/C_CPP/MPC/installed/lib/../lib -L/home/ctrtemp/Downloads/Libs/C_CPP/OpenCV/installed_4.5.2/lib/../lib -L/home/ctrtemp/Downloads/Libs/C_CPP/GLFW/installed/lib/../lib -L/home/ctrtemp/Downloads/Libs/C_CPP/MPI/installed/lib/../lib -L/home/ctrtemp/Downloads/Libs/C_CPP/glm/installed/lib/../lib -L/home/ctrtemp/Downloads/Libs/C_CPP/Vulkan/1.3.224.1/x86_64/lib/../lib -L/usr/local/cuda-11.7/lib64/../lib -L/home/ctrtemp/Downloads/Libs/C_CPP/Boost/installed/lib/../lib -L/home/ctrtemp/Downloads/Libs/C_CPP/JsonCpp/installed/lib/../lib -L/home/ctrtemp/Downloads/Libs/C_CPP/Protobuf/installed/lib/../lib -L/home/ctrtemp/Downloads/Libs/C_CPP/Base64/installed/lib/../lib -L/usr/lib/gcc/x86_64-linux-gnu/11 -L/usr/lib/gcc/x86_64-linux-gnu/11/../../../x86_64-linux-gnu -L/usr/lib/gcc/x86_64-linux-gnu/11/../../../../lib -L/lib/x86_64-linux-gnu -L/lib/../lib -L/usr/lib/x86_64-linux-gnu -L/usr/lib/../lib -L. -L/home/ctrtemp/Downloads/Libs/C_CPP/GMP/installed/lib -L/home/ctrtemp/Downloads/Libs/C_CPP/MPFR/installed/lib -L/home/ctrtemp/Downloads/Libs/C_CPP/MPC/installed/lib -L/home/ctrtemp/Downloads/Libs/C_CPP/OpenCV/installed_4.5.2/lib -L/home/ctrtemp/Downloads/Libs/C_CPP/GLFW/installed/lib -L/home/ctrtemp/Downloads/Libs/C_CPP/MPI/installed/lib -L/home/ctrtemp/Downloads/Libs/C_CPP/glm/installed/lib -L/home/ctrtemp/Downloads/driver/NVIDIA-Linux-x86_64-525.85.05 -L/home/ctrtemp/Downloads/Libs/C_CPP/Vulkan/1.3.224.1/x86_64/lib -L/usr/local/cuda-11.7/lib64 -L/home/ctrtemp/Downloads/Libs/C_CPP/Boost/installed/lib -L/home/ctrtemp/Downloads/Libs/C_CPP/JsonCpp/installed/lib -L/home/ctrtemp/Downloads/Libs/C_CPP/Protobuf/installed/lib -L/home/ctrtemp/Downloads/Libs/C_CPP/Base64/installed/lib -L/usr/lib/gcc/x86_64-linux-gnu/11/../../.. CMakeFiles/cmTC_0eb02.dir/CMakeCXXCompilerABI.cpp.o -lstdc++ -lm -lgcc_s -lgcc -lc -lgcc_s -lgcc /usr/lib/gcc/x86_64-linux-gnu/11/crtendS.o /usr/lib/gcc/x86_64-linux-gnu/11/../../../x86_64-linux-gnu/crtn.o
COLLECT_GCC_OPTIONS='-v' '-o' 'cmTC_0eb02' '-shared-libgcc' '-mtune=generic' '-march=x86-64' '-dumpdir' 'cmTC_0eb02.'
gmake[1]: Leaving directory '/home/ctrtemp/Documents/VS_Code_Prj/Learning/LeetCode/05__230517/leetcode_on_the_way/list/build/CMakeFiles/CMakeTmp'



Parsed CXX implicit include dir info from above output: rv=done
  found start of include info
  found start of implicit include info
    add: [.]
    add: [/home/ctrtemp/Downloads/Libs/C_CPP/GMP/installed/include]
    add: [/home/ctrtemp/Downloads/Libs/C_CPP/MPFR/installed/include]
    add: [/home/ctrtemp/Downloads/Libs/C_CPP/MPC/installed/include]
    add: [/home/ctrtemp/Downloads/Libs/C_CPP/OpenCV/installed_4.5.2/include/opencv4]
    add: [/home/ctrtemp/Downloads/Libs/C_CPP/GLFW/installed/include]
    add: [/home/ctrtemp/Downloads/Libs/C_CPP/MPI/installed/include]
    add: [/home/ctrtemp/Downloads/Libs/C_CPP/glm/installed/include]
    add: [/home/ctrtemp/Downloads/Libs/C_CPP/Vulkan/1.3.224.1/x86_64/include]
    add: [/home/ctrtemp/Downloads/Libs/C_CPP/stb_image/stb-master]
    add: [/home/ctrtemp/Downloads/Libs/C_CPP/Tiny_OBJ_Loader/tinyobjloader-release]
    add: [/usr/local/cuda-11.7/include]
    add: [/home/ctrtemp/Downloads/Libs/C_CPP/Eigen/installed/include]
    add: [/home/ctrtemp/Downloads/Libs/C_CPP/Boost/installed/include]
    add: [/home/ctrtemp/Downloads/Libs/C_CPP/WebSocket++/websocketpp-master]
    add: [/home/ctrtemp/Downloads/Libs/C_CPP/JsonCpp/installed/include]
    add: [/home/ctrtemp/Downloads/Libs/C_CPP/Protobuf/installed/include]
    add: [/home/ctrtemp/Downloads/Libs/C_CPP/Base64/installed/include]
    add: [/usr/include/c++/11]
    add: [/usr/include/x86_64-linux-gnu/c++/11]
    add: [/usr/include/c++/11/backward]
    add: [/usr/lib/gcc/x86_64-linux-gnu/11/include]
    add: [/usr/local/include]
    add: [/usr/include/x86_64-linux-gnu]
    add: [/usr/include]
  end of search list found
  skipping relative include dir [.]
  collapse include dir [/home/ctrtemp/Downloads/Libs/C_CPP/GMP/installed/include] ==> [/home/ctrtemp/Downloads/Libs/C_CPP/GMP/installed/include]
  collapse include dir [/home/ctrtemp/Downloads/Libs/C_CPP/MPFR/installed/include] ==> [/home/ctrtemp/Downloads/Libs/C_CPP/MPFR/installed/include]
  collapse include dir [/home/ctrtemp/Downloads/Libs/C_CPP/MPC/installed/include] ==> [/home/ctrtemp/Downloads/Libs/C_CPP/MPC/installed/include]
  collapse include dir [/home/ctrtemp/Downloads/Libs/C_CPP/OpenCV/installed_4.5.2/include/opencv4] ==> [/home/ctrtemp/Downloads/Libs/C_CPP/OpenCV/installed_4.5.2/include/opencv4]
  collapse include dir [/home/ctrtemp/Downloads/Libs/C_CPP/GLFW/installed/include] ==> [/home/ctrtemp/Downloads/Libs/C_CPP/GLFW/installed/include]
  collapse include dir [/home/ctrtemp/Downloads/Libs/C_CPP/MPI/installed/include] ==> [/home/ctrtemp/Downloads/Libs/C_CPP/MPI/installed/include]
  collapse include dir [/home/ctrtemp/Downloads/Libs/C_CPP/glm/installed/include] ==> [/home/ctrtemp/Downloads/Libs/C_CPP/glm/installed/include]
  collapse include dir [/home/ctrtemp/Downloads/Libs/C_CPP/Vulkan/1.3.224.1/x86_64/include] ==> [/home/ctrtemp/Downloads/Libs/C_CPP/Vulkan/1.3.224.1/x86_64/include]
  collapse include dir [/home/ctrtemp/Downloads/Libs/C_CPP/stb_image/stb-master] ==> [/home/ctrtemp/Downloads/Libs/C_CPP/stb_image/stb-master]
  collapse include dir [/home/ctrtemp/Downloads/Libs/C_CPP/Tiny_OBJ_Loader/tinyobjloader-release] ==> [/home/ctrtemp/Downloads/Libs/C_CPP/Tiny_OBJ_Loader/tinyobjloader-release]
  collapse include dir [/usr/local/cuda-11.7/include] ==> [/usr/local/cuda-11.7/include]
  collapse include dir [/home/ctrtemp/Downloads/Libs/C_CPP/Eigen/installed/include] ==> [/home/ctrtemp/Downloads/Libs/C_CPP/Eigen/installed/include]
  collapse include dir [/home/ctrtemp/Downloads/Libs/C_CPP/Boost/installed/include] ==> [/home/ctrtemp/Downloads/Libs/C_CPP/Boost/installed/include]
  collapse include dir [/home/ctrtemp/Downloads/Libs/C_CPP/WebSocket++/websocketpp-master] ==> [/home/ctrtemp/Downloads/Libs/C_CPP/WebSocket++/websocketpp-master]
  collapse include dir [/home/ctrtemp/Downloads/Libs/C_CPP/JsonCpp/installed/include] ==> [/home/ctrtemp/Downloads/Libs/C_CPP/JsonCpp/installed/include]
  collapse include dir [/home/ctrtemp/Downloads/Libs/C_CPP/Protobuf/installed/include] ==> [/home/ctrtemp/Downloads/Libs/C_CPP/Protobuf/installed/include]
  collapse include dir [/home/ctrtemp/Downloads/Libs/C_CPP/Base64/installed/include] ==> [/home/ctrtemp/Downloads/Libs/C_CPP/Base64/installed/include]
  collapse include dir [/usr/include/c++/11] ==> [/usr/include/c++/11]
  collapse include dir [/usr/include/x86_64-linux-gnu/c++/11] ==> [/usr/include/x86_64-linux-gnu/c++/11]
  collapse include dir [/usr/include/c++/11/backward] ==> [/usr/include/c++/11/backward]
  collapse include dir [/usr/lib/gcc/x86_64-linux-gnu/11/include] ==> [/usr/lib/gcc/x86_64-linux-gnu/11/include]
  collapse include dir [/usr/local/include] ==> [/usr/local/include]
  collapse include dir [/usr/include/x86_64-linux-gnu] ==> [/usr/include/x86_64-linux-gnu]
  collapse include dir [/usr/include] ==> [/usr/include]
  implicit include dirs: [/home/ctrtemp/Downloads/Libs/C_CPP/GMP/installed/include;/home/ctrtemp/Downloads/Libs/C_CPP/MPFR/installed/include;/home/ctrtemp/Downloads/Libs/C_CPP/MPC/installed/include;/home/ctrtemp/Downloads/Libs/C_CPP/OpenCV/installed_4.5.2/include/opencv4;/home/ctrtemp/Downloads/Libs/C_CPP/GLFW/installed/include;/home/ctrtemp/Downloads/Libs/C_CPP/MPI/installed/include;/home/ctrtemp/Downloads/Libs/C_CPP/glm/installed/include;/home/ctrtemp/Downloads/Libs/C_CPP/Vulkan/1.3.224.1/x86_64/include;/home/ctrtemp/Downloads/Libs/C_CPP/stb_image/stb-master;/home/ctrtemp/Downloads/Libs/C_CPP/Tiny_OBJ_Loader/tinyobjloader-release;/usr/local/cuda-11.7/include;/home/ctrtemp/Downloads/Libs/C_CPP/Eigen/installed/include;/home/ctrtemp/Downloads/Libs/C_CPP/Boost/installed/include;/home/ctrtemp/Downloads/Libs/C_CPP/WebSocket++/websocketpp-master;/home/ctrtemp/Downloads/Libs/C_CPP/JsonCpp/installed/include;/home/ctrtemp/Downloads/Libs/C_CPP/Protobuf/installed/include;/home/ctrtemp/Downloads/Libs/C_CPP/Base64/installed/include;/usr/include/c++/11;/usr/include/x86_64-linux-gnu/c++/11;/usr/include/c++/11/backward;/usr/lib/gcc/x86_64-linux-gnu/11/include;/usr/local/include;/usr/include/x86_64-linux-gnu;/usr/include]


Parsed CXX implicit link information from above output:
  link line regex: [^( *|.*[/\])(ld|CMAKE_LINK_STARTFILE-NOTFOUND|([^/\]+-)?ld|collect2)[^/\]*( |$)]
  ignore line: [Change Dir: /home/ctrtemp/Documents/VS_Code_Prj/Learning/LeetCode/05__230517/leetcode_on_the_way/list/build/CMakeFiles/CMakeTmp]
  ignore line: []
  ignore line: [Run Build Command(s):/usr/bin/gmake -f Makefile cmTC_0eb02/fast && /usr/bin/gmake  -f CMakeFiles/cmTC_0eb02.dir/build.make CMakeFiles/cmTC_0eb02.dir/build]
  ignore line: [gmake[1]: Entering directory '/home/ctrtemp/Documents/VS_Code_Prj/Learning/LeetCode/05__230517/leetcode_on_the_way/list/build/CMakeFiles/CMakeTmp']
  ignore line: [Building CXX object CMakeFiles/cmTC_0eb02.dir/CMakeCXXCompilerABI.cpp.o]
  ignore line: [/usr/bin/c++   -v -o CMakeFiles/cmTC_0eb02.dir/CMakeCXXCompilerABI.cpp.o -c /usr/share/cmake-3.22/Modules/CMakeCXXCompilerABI.cpp]
  ignore line: [Using built-in specs.]
  ignore line: [COLLECT_GCC=/usr/bin/c++]
  ignore line: [OFFLOAD_TARGET_NAMES=nvptx-none:amdgcn-amdhsa]
  ignore line: [OFFLOAD_TARGET_DEFAULT=1]
  ignore line: [Target: x86_64-linux-gnu]
  ignore line: [Configured with: ../src/configure -v --with-pkgversion='Ubuntu 11.3.0-1ubuntu1~22.04' --with-bugurl=file:///usr/share/doc/gcc-11/README.Bugs --enable-languages=c ada c++ go brig d fortran objc obj-c++ m2 --prefix=/usr --with-gcc-major-version-only --program-suffix=-11 --program-prefix=x86_64-linux-gnu- --enable-shared --enable-linker-build-id --libexecdir=/usr/lib --without-included-gettext --enable-threads=posix --libdir=/usr/lib --enable-nls --enable-bootstrap --enable-clocale=gnu --enable-libstdcxx-debug --enable-libstdcxx-time=yes --with-default-libstdcxx-abi=new --enable-gnu-unique-object --disable-vtable-verify --enable-plugin --enable-default-pie --with-system-zlib --enable-libphobos-checking=release --with-target-system-zlib=auto --enable-objc-gc=auto --enable-multiarch --disable-werror --enable-cet --with-arch-32=i686 --with-abi=m64 --with-multilib-list=m32 m64 mx32 --enable-multilib --with-tune=generic --enable-offload-targets=nvptx-none=/build/gcc-11-xKiWfi/gcc-11-11.3.0/debian/tmp-nvptx/usr amdgcn-amdhsa=/build/gcc-11-xKiWfi/gcc-11-11.3.0/debian/tmp-gcn/usr --without-cuda-driver --enable-checking=release --build=x86_64-linux-gnu --host=x86_64-linux-gnu --target=x86_64-linux-gnu --with-build-config=bootstrap-lto-lean --enable-link-serialization=2]
  ignore line: [Thread model: posix]
  ignore line: [Supported LTO compression algorithms: zlib zstd]
  ignore line: [gcc version 11.3.0 (Ubuntu 11.3.0-1ubuntu1~22.04) ]
  ignore line: [COLLECT_GCC_OPTIONS='-v' '-o' 'CMakeFiles/cmTC_0eb02.dir/CMakeCXXCompilerABI.cpp.o' '-c' '-shared-libgcc' '-mtune=generic' '-march=x86-64' '-dumpdir' 'CMakeFiles/cmTC_0eb02.dir/']
  ignore line: [ /usr/lib/gcc/x86_64-linux-gnu/11/cc1plus -quiet -v -imultiarch x86_64-linux-gnu -D_GNU_SOURCE /usr/share/cmake-3.22/Modules/CMakeCXXCompilerABI.cpp -quiet -dumpdir CMakeFiles/cmTC_0eb02.dir/ -dumpbase CMakeCXXCompilerABI.cpp.cpp -dumpbase-ext .cpp -mtune=generic -march=x86-64 -version -fasynchronous-unwind-tables -fstack-protector-strong -Wformat -Wformat-security -fstack-clash-protection -fcf-protection -o /tmp/ccFfrSaJ.s]
  ignore line: [GNU C++17 (Ubuntu 11.3.0-1ubuntu1~22.04) version 11.3.0 (x86_64-linux-gnu)]
  ignore line: [	compiled by GNU C version 11.3.0  GMP version 6.2.1  MPFR version 4.1.0  MPC version 1.2.1  isl version isl-0.24-GMP]
  ignore line: []
  ignore line: [GGC heuristics: --param ggc-min-expand=100 --param ggc-min-heapsize=131072]
  ignore line: [ignoring duplicate directory "/usr/include/x86_64-linux-gnu/c++/11"]
  ignore line: [ignoring nonexistent directory "/usr/local/include/x86_64-linux-gnu"]
  ignore line: [ignoring nonexistent directory "/usr/lib/gcc/x86_64-linux-gnu/11/include-fixed"]
  ignore line: [ignoring nonexistent directory "/usr/lib/gcc/x86_64-linux-gnu/11/../../../../x86_64-linux-gnu/include"]
  ignore line: [#include "..." search starts here:]
  ignore line: [#include <...> search starts here:]
  ignore line: [ .]
  ignore line: [ /home/ctrtemp/Downloads/Libs/C_CPP/GMP/installed/include]
  ignore line: [ /home/ctrtemp/Downloads/Libs/C_CPP/MPFR/installed/include]
  ignore line: [ /home/ctrtemp/Downloads/Libs/C_CPP/MPC/installed/include]
  ignore line: [ /home/ctrtemp/Downloads/Libs/C_CPP/OpenCV/installed_4.5.2/include/opencv4]
  ignore line: [ /home/ctrtemp/Downloads/Libs/C_CPP/GLFW/installed/include]
  ignore line: [ /home/ctrtemp/Downloads/Libs/C_CPP/MPI/installed/include]
  ignore line: [ /home/ctrtemp/Downloads/Libs/C_CPP/glm/installed/include]
  ignore line: [ /home/ctrtemp/Downloads/Libs/C_CPP/Vulkan/1.3.224.1/x86_64/include]
  ignore line: [ /home/ctrtemp/Downloads/Libs/C_CPP/stb_image/stb-master]
  ignore line: [ /home/ctrtemp/Downloads/Libs/C_CPP/Tiny_OBJ_Loader/tinyobjloader-release]
  ignore line: [ /usr/local/cuda-11.7/include]
  ignore line: [ /home/ctrtemp/Downloads/Libs/C_CPP/Eigen/installed/include]
  ignore line: [ /home/ctrtemp/Downloads/Libs/C_CPP/Boost/installed/include]
  ignore line: [ /home/ctrtemp/Downloads/Libs/C_CPP/WebSocket++/websocketpp-master]
  ignore line: [ /home/ctrtemp/Downloads/Libs/C_CPP/JsonCpp/installed/include]
  ignore line: [ /home/ctrtemp/Downloads/Libs/C_CPP/Protobuf/installed/include]
  ignore line: [ /home/ctrtemp/Downloads/Libs/C_CPP/Base64/installed/include]
  ignore line: [ /usr/include/c++/11]
  ignore line: [ /usr/include/x86_64-linux-gnu/c++/11]
  ignore line: [ /usr/include/c++/11/backward]
  ignore line: [ /usr/lib/gcc/x86_64-linux-gnu/11/include]
  ignore line: [ /usr/local/include]
  ignore line: [ /usr/include/x86_64-linux-gnu]
  ignore line: [ /usr/include]
  ignore line: [End of search list.]
  ignore line: [GNU C++17 (Ubuntu 11.3.0-1ubuntu1~22.04) version 11.3.0 (x86_64-linux-gnu)]
  ignore line: [	compiled by GNU C version 11.3.0  GMP version 6.2.1  MPFR version 4.1.0  MPC version 1.2.1  isl version isl-0.24-GMP]
  ignore line: []
  ignore line: [GGC heuristics: --param ggc-min-expand=100 --param ggc-min-heapsize=131072]
  ignore line: [Compiler executable checksum: 449548cbb29044828dc7ea158b577b98]
  ignore line: [COLLECT_GCC_OPTIONS='-v' '-o' 'CMakeFiles/cmTC_0eb02.dir/CMakeCXXCompilerABI.cpp.o' '-c' '-shared-libgcc' '-mtune=generic' '-march=x86-64' '-dumpdir' 'CMakeFiles/cmTC_0eb02.dir/']
  ignore line: [ as -v --64 -o CMakeFiles/cmTC_0eb02.dir/CMakeCXXCompilerABI.cpp.o /tmp/ccFfrSaJ.s]
  ignore line: [GNU assembler version 2.38 (x86_64-linux-gnu) using BFD version (GNU Binutils for Ubuntu) 2.38]
  ignore line: [COMPILER_PATH=/usr/lib/gcc/x86_64-linux-gnu/11/:/usr/lib/gcc/x86_64-linux-gnu/11/:/usr/lib/gcc/x86_64-linux-gnu/:/usr/lib/gcc/x86_64-linux-gnu/11/:/usr/lib/gcc/x86_64-linux-gnu/]
  ignore line: [LIBRARY_PATH=/home/ctrtemp/Downloads/Libs/C_CPP/GMP/installed/lib/../lib/:/home/ctrtemp/Downloads/Libs/C_CPP/MPFR/installed/lib/../lib/:/home/ctrtemp/Downloads/Libs/C_CPP/MPC/installed/lib/../lib/:/home/ctrtemp/Downloads/Libs/C_CPP/OpenCV/installed_4.5.2/lib/../lib/:/home/ctrtemp/Downloads/Libs/C_CPP/GLFW/installed/lib/../lib/:/home/ctrtemp/Downloads/Libs/C_CPP/MPI/installed/lib/../lib/:/home/ctrtemp/Downloads/Libs/C_CPP/glm/installed/lib/../lib/:/home/ctrtemp/Downloads/Libs/C_CPP/Vulkan/1.3.224.1/x86_64/lib/../lib/:/usr/local/cuda-11.7/lib64/../lib/:/home/ctrtemp/Downloads/Libs/C_CPP/Boost/installed/lib/../lib/:/home/ctrtemp/Downloads/Libs/C_CPP/JsonCpp/installed/lib/../lib/:/home/ctrtemp/Downloads/Libs/C_CPP/Protobuf/installed/lib/../lib/:/home/ctrtemp/Downloads/Libs/C_CPP/Base64/installed/lib/../lib/:/usr/lib/gcc/x86_64-linux-gnu/11/:/usr/lib/gcc/x86_64-linux-gnu/11/../../../x86_64-linux-gnu/:/usr/lib/gcc/x86_64-linux-gnu/11/../../../../lib/:/lib/x86_64-linux-gnu/:/lib/../lib/:/usr/lib/x86_64-linux-gnu/:/usr/lib/../lib/:./:/home/ctrtemp/Downloads/Libs/C_CPP/GMP/installed/lib/:/home/ctrtemp/Downloads/Libs/C_CPP/MPFR/installed/lib/:/home/ctrtemp/Downloads/Libs/C_CPP/MPC/installed/lib/:/home/ctrtemp/Downloads/Libs/C_CPP/OpenCV/installed_4.5.2/lib/:/home/ctrtemp/Downloads/Libs/C_CPP/GLFW/installed/lib/:/home/ctrtemp/Downloads/Libs/C_CPP/MPI/installed/lib/:/home/ctrtemp/Downloads/Libs/C_CPP/glm/installed/lib/:/home/ctrtemp/Downloads/driver/NVIDIA-Linux-x86_64-525.85.05/:/home/ctrtemp/Downloads/Libs/C_CPP/Vulkan/1.3.224.1/x86_64/lib/:/usr/local/cuda-11.7/lib64/:/home/ctrtemp/Downloads/Libs/C_CPP/Boost/installed/lib/:/home/ctrtemp/Downloads/Libs/C_CPP/JsonCpp/installed/lib/:/home/ctrtemp/Downloads/Libs/C_CPP/Protobuf/installed/lib/:/home/ctrtemp/Downloads/Libs/C_CPP/Base64/installed/lib/:/usr/lib/gcc/x86_64-linux-gnu/11/../../../:/lib/:/usr/lib/]
  ignore line: [COLLECT_GCC_OPTIONS='-v' '-o' 'CMakeFiles/cmTC_0eb02.dir/CMakeCXXCompilerABI.cpp.o' '-c' '-shared-libgcc' '-mtune=generic' '-march=x86-64' '-dumpdir' 'CMakeFiles/cmTC_0eb02.dir/CMakeCXXCompilerABI.cpp.']
  ignore line: [Linking CXX executable cmTC_0eb02]
  ignore line: [/usr/bin/cmake -E cmake_link_script CMakeFiles/cmTC_0eb02.dir/link.txt --verbose=1]
  ignore line: [/usr/bin/c++  -v CMakeFiles/cmTC_0eb02.dir/CMakeCXXCompilerABI.cpp.o -o cmTC_0eb02 ]
  ignore line: [Using built-in specs.]
  ignore line: [COLLECT_GCC=/usr/bin/c++]
  ignore line: [COLLECT_LTO_WRAPPER=/usr/lib/gcc/x86_64-linux-gnu/11/lto-wrapper]
  ignore line: [OFFLOAD_TARGET_NAMES=nvptx-none:amdgcn-amdhsa]
  ignore line: [OFFLOAD_TARGET_DEFAULT=1]
  ignore line: [Target: x86_64-linux-gnu]
  ignore line: [Configured with: ../src/configure -v --with-pkgversion='Ubuntu 11.3.0-1ubuntu1~22.04' --with-bugurl=file:///usr/share/doc/gcc-11/README.Bugs --enable-languages=c ada c++ go brig d fortran objc obj-c++ m2 --prefix=/usr --with-gcc-major-version-only --program-suffix=-11 --program-prefix=x86_64-linux-gnu- --enable-shared --enable-linker-build-id --libexecdir=/usr/lib --without-included-gettext --enable-threads=posix --libdir=/usr/lib --enable-nls --enable-bootstrap --enable-clocale=gnu --enable-libstdcxx-debug --enable-libstdcxx-time=yes --with-default-libstdcxx-abi=new --enable-gnu-unique-object --disable-vtable-verify --enable-plugin --enable-default-pie --with-system-zlib --enable-libphobos-checking=release --with-target-system-zlib=auto --enable-objc-gc=auto --enable-multiarch --disable-werror --enable-cet --with-arch-32=i686 --with-abi=m64 --with-multilib-list=m32 m64 mx32 --enable-multilib --with-tune=generic --enable-offload-targets=nvptx-none=/build/gcc-11-xKiWfi/gcc-11-11.3.0/debian/tmp-nvptx/usr amdgcn-amdhsa=/build/gcc-11-xKiWfi/gcc-11-11.3.0/debian/tmp-gcn/usr --without-cuda-driver --enable-checking=release --build=x86_64-linux-gnu --host=x86_64-linux-gnu --target=x86_64-linux-gnu --with-build-config=bootstrap-lto-lean --enable-link-serialization=2]
  ignore line: [Thread model: posix]
  ignore line: [Supported LTO compression algorithms: zlib zstd]
  ignore line: [gcc version 11.3.0 (Ubuntu 11.3.0-1ubuntu1~22.04) ]
  ignore line: [COMPILER_PATH=/usr/lib/gcc/x86_64-linux-gnu/11/:/usr/lib/gcc/x86_64-linux-gnu/11/:/usr/lib/gcc/x86_64-linux-gnu/:/usr/lib/gcc/x86_64-linux-gnu/11/:/usr/lib/gcc/x86_64-linux-gnu/]
  ignore line: [LIBRARY_PATH=/home/ctrtemp/Downloads/Libs/C_CPP/GMP/installed/lib/../lib/:/home/ctrtemp/Downloads/Libs/C_CPP/MPFR/installed/lib/../lib/:/home/ctrtemp/Downloads/Libs/C_CPP/MPC/installed/lib/../lib/:/home/ctrtemp/Downloads/Libs/C_CPP/OpenCV/installed_4.5.2/lib/../lib/:/home/ctrtemp/Downloads/Libs/C_CPP/GLFW/installed/lib/../lib/:/home/ctrtemp/Downloads/Libs/C_CPP/MPI/installed/lib/../lib/:/home/ctrtemp/Downloads/Libs/C_CPP/glm/installed/lib/../lib/:/home/ctrtemp/Downloads/Libs/C_CPP/Vulkan/1.3.224.1/x86_64/lib/../lib/:/usr/local/cuda-11.7/lib64/../lib/:/home/ctrtemp/Downloads/Libs/C_CPP/Boost/installed/lib/../lib/:/home/ctrtemp/Downloads/Libs/C_CPP/JsonCpp/installed/lib/../lib/:/home/ctrtemp/Downloads/Libs/C_CPP/Protobuf/installed/lib/../lib/:/home/ctrtemp/Downloads/Libs/C_CPP/Base64/installed/lib/../lib/:/usr/lib/gcc/x86_64-linux-gnu/11/:/usr/lib/gcc/x86_64-linux-gnu/11/../../../x86_64-linux-gnu/:/usr/lib/gcc/x86_64-linux-gnu/11/../../../../lib/:/lib/x86_64-linux-gnu/:/lib/../lib/:/usr/lib/x86_64-linux-gnu/:/usr/lib/../lib/:./:/home/ctrtemp/Downloads/Libs/C_CPP/GMP/installed/lib/:/home/ctrtemp/Downloads/Libs/C_CPP/MPFR/installed/lib/:/home/ctrtemp/Downloads/Libs/C_CPP/MPC/installed/lib/:/home/ctrtemp/Downloads/Libs/C_CPP/OpenCV/installed_4.5.2/lib/:/home/ctrtemp/Downloads/Libs/C_CPP/GLFW/installed/lib/:/home/ctrtemp/Downloads/Libs/C_CPP/MPI/installed/lib/:/home/ctrtemp/Downloads/Libs/C_CPP/glm/installed/lib/:/home/ctrtemp/Downloads/driver/NVIDIA-Linux-x86_64-525.85.05/:/home/ctrtemp/Downloads/Libs/C_CPP/Vulkan/1.3.224.1/x86_64/lib/:/usr/local/cuda-11.7/lib64/:/home/ctrtemp/Downloads/Libs/C_CPP/Boost/installed/lib/:/home/ctrtemp/Downloads/Libs/C_CPP/JsonCpp/installed/lib/:/home/ctrtemp/Downloads/Libs/C_CPP/Protobuf/installed/lib/:/home/ctrtemp/Downloads/Libs/C_CPP/Base64/installed/lib/:/usr/lib/gcc/x86_64-linux-gnu/11/../../../:/lib/:/usr/lib/]
  ignore line: [COLLECT_GCC_OPTIONS='-v' '-o' 'cmTC_0eb02' '-shared-libgcc' '-mtune=generic' '-march=x86-64' '-dumpdir' 'cmTC_0eb02.']
  link line: [ /usr/lib/gcc/x86_64-linux-gnu/11/collect2 -plugin /usr/lib/gcc/x86_64-linux-gnu/11/liblto_plugin.so -plugin-opt=/usr/lib/gcc/x86_64-linux-gnu/11/lto-wrapper -plugin-opt=-fresolution=/tmp/ccG8FFlO.res -plugin-opt=-pass-through=-lgcc_s -plugin-opt=-pass-through=-lgcc -plugin-opt=-pass-through=-lc -plugin-opt=-pass-through=-lgcc_s -plugin-opt=-pass-through=-lgcc --build-id --eh-frame-hdr -m elf_x86_64 --hash-style=gnu --as-needed -dynamic-linker /lib64/ld-linux-x86-64.so.2 -pie -z now -z relro -o cmTC_0eb02 /usr/lib/gcc/x86_64-linux-gnu/11/../../../x86_64-linux-gnu/Scrt1.o /usr/lib/gcc/x86_64-linux-gnu/11/../../../x86_64-linux-gnu/crti.o /usr/lib/gcc/x86_64-linux-gnu/11/crtbeginS.o -L/home/ctrtemp/Downloads/Libs/C_CPP/GMP/installed/lib/../lib -L/home/ctrtemp/Downloads/Libs/C_CPP/MPFR/installed/lib/../lib -L/home/ctrtemp/Downloads/Libs/C_CPP/MPC/installed/lib/../lib -L/home/ctrtemp/Downloads/Libs/C_CPP/OpenCV/installed_4.5.2/lib/../lib -L/home/ctrtemp/Downloads/Libs/C_CPP/GLFW/installed/lib/../lib -L/home/ctrtemp/Downloads/Libs/C_CPP/MPI/installed/lib/../lib -L/home/ctrtemp/Downloads/Libs/C_CPP/glm/installed/lib/../lib -L/home/ctrtemp/Downloads/Libs/C_CPP/Vulkan/1.3.224.1/x86_64/lib/../lib -L/usr/local/cuda-11.7/lib64/../lib -L/home/ctrtemp/Downloads/Libs/C_CPP/Boost/installed/lib/../lib -L/home/ctrtemp/Downloads/Libs/C_CPP/JsonCpp/installed/lib/../lib -L/home/ctrtemp/Downloads/Libs/C_CPP/Protobuf/installed/lib/../lib -L/home/ctrtemp/Downloads/Libs/C_CPP/Base64/installed/lib/../lib -L/usr/lib/gcc/x86_64-linux-gnu/11 -L/usr/lib/gcc/x86_64-linux-gnu/11/../../../x86_64-linux-gnu -L/usr/lib/gcc/x86_64-linux-gnu/11/../../../../lib -L/lib/x86_64-linux-gnu -L/lib/../lib -L/usr/lib/x86_64-linux-gnu -L/usr/lib/../lib -L. -L/home/ctrtemp/Downloads/Libs/C_CPP/GMP/installed/lib -L/home/ctrtemp/Downloads/Libs/C_CPP/MPFR/installed/lib -L/home/ctrtemp/Downloads/Libs/C_CPP/MPC/installed/lib -L/home/ctrtemp/Downloads/Libs/C_CPP/OpenCV/installed_4.5.2/lib -L/home/ctrtemp/Downloads/Libs/C_CPP/GLFW/installed/lib -L/home/ctrtemp/Downloads/Libs/C_CPP/MPI/installed/lib -L/home/ctrtemp/Downloads/Libs/C_CPP/glm/installed/lib -L/home/ctrtemp/Downloads/driver/NVIDIA-Linux-x86_64-525.85.05 -L/home/ctrtemp/Downloads/Libs/C_CPP/Vulkan/1.3.224.1/x86_64/lib -L/usr/local/cuda-11.7/lib64 -L/home/ctrtemp/Downloads/Libs/C_CPP/Boost/installed/lib -L/home/ctrtemp/Downloads/Libs/C_CPP/JsonCpp/installed/lib -L/home/ctrtemp/Downloads/Libs/C_CPP/Protobuf/installed/lib -L/home/ctrtemp/Downloads/Libs/C_CPP/Base64/installed/lib -L/usr/lib/gcc/x86_64-linux-gnu/11/../../.. CMakeFiles/cmTC_0eb02.dir/CMakeCXXCompilerABI.cpp.o -lstdc++ -lm -lgcc_s -lgcc -lc -lgcc_s -lgcc /usr/lib/gcc/x86_64-linux-gnu/11/crtendS.o /usr/lib/gcc/x86_64-linux-gnu/11/../../../x86_64-linux-gnu/crtn.o]
    arg [/usr/lib/gcc/x86_64-linux-gnu/11/collect2] ==> ignore
    arg [-plugin] ==> ignore
    arg [/usr/lib/gcc/x86_64-linux-gnu/11/liblto_plugin.so] ==> ignore
    arg [-plugin-opt=/usr/lib/gcc/x86_64-linux-gnu/11/lto-wrapper] ==> ignore
    arg [-plugin-opt=-fresolution=/tmp/ccG8FFlO.res] ==> ignore
    arg [-plugin-opt=-pass-through=-lgcc_s] ==> ignore
    arg [-plugin-opt=-pass-through=-lgcc] ==> ignore
    arg [-plugin-opt=-pass-through=-lc] ==> ignore
    arg [-plugin-opt=-pass-through=-lgcc_s] ==> ignore
    arg [-plugin-opt=-pass-through=-lgcc] ==> ignore
    arg [--build-id] ==> ignore
    arg [--eh-frame-hdr] ==> ignore
    arg [-m] ==> ignore
    arg [elf_x86_64] ==> ignore
    arg [--hash-style=gnu] ==> ignore
    arg [--as-needed] ==> ignore
    arg [-dynamic-linker] ==> ignore
    arg [/lib64/ld-linux-x86-64.so.2] ==> ignore
    arg [-pie] ==> ignore
    arg [-znow] ==> ignore
    arg [-zrelro] ==> ignore
    arg [-o] ==> ignore
    arg [cmTC_0eb02] ==> ignore
    arg [/usr/lib/gcc/x86_64-linux-gnu/11/../../../x86_64-linux-gnu/Scrt1.o] ==> obj [/usr/lib/gcc/x86_64-linux-gnu/11/../../../x86_64-linux-gnu/Scrt1.o]
    arg [/usr/lib/gcc/x86_64-linux-gnu/11/../../../x86_64-linux-gnu/crti.o] ==> obj [/usr/lib/gcc/x86_64-linux-gnu/11/../../../x86_64-linux-gnu/crti.o]
    arg [/usr/lib/gcc/x86_64-linux-gnu/11/crtbeginS.o] ==> obj [/usr/lib/gcc/x86_64-linux-gnu/11/crtbeginS.o]
    arg [-L/home/ctrtemp/Downloads/Libs/C_CPP/GMP/installed/lib/../lib] ==> dir [/home/ctrtemp/Downloads/Libs/C_CPP/GMP/installed/lib/../lib]
    arg [-L/home/ctrtemp/Downloads/Libs/C_CPP/MPFR/installed/lib/../lib] ==> dir [/home/ctrtemp/Downloads/Libs/C_CPP/MPFR/installed/lib/../lib]
    arg [-L/home/ctrtemp/Downloads/Libs/C_CPP/MPC/installed/lib/../lib] ==> dir [/home/ctrtemp/Downloads/Libs/C_CPP/MPC/installed/lib/../lib]
    arg [-L/home/ctrtemp/Downloads/Libs/C_CPP/OpenCV/installed_4.5.2/lib/../lib] ==> dir [/home/ctrtemp/Downloads/Libs/C_CPP/OpenCV/installed_4.5.2/lib/../lib]
    arg [-L/home/ctrtemp/Downloads/Libs/C_CPP/GLFW/installed/lib/../lib] ==> dir [/home/ctrtemp/Downloads/Libs/C_CPP/GLFW/installed/lib/../lib]
    arg [-L/home/ctrtemp/Downloads/Libs/C_CPP/MPI/installed/lib/../lib] ==> dir [/home/ctrtemp/Downloads/Libs/C_CPP/MPI/installed/lib/../lib]
    arg [-L/home/ctrtemp/Downloads/Libs/C_CPP/glm/installed/lib/../lib] ==> dir [/home/ctrtemp/Downloads/Libs/C_CPP/glm/installed/lib/../lib]
    arg [-L/home/ctrtemp/Downloads/Libs/C_CPP/Vulkan/1.3.224.1/x86_64/lib/../lib] ==> dir [/home/ctrtemp/Downloads/Libs/C_CPP/Vulkan/1.3.224.1/x86_64/lib/../lib]
    arg [-L/usr/local/cuda-11.7/lib64/../lib] ==> dir [/usr/local/cuda-11.7/lib64/../lib]
    arg [-L/home/ctrtemp/Downloads/Libs/C_CPP/Boost/installed/lib/../lib] ==> dir [/home/ctrtemp/Downloads/Libs/C_CPP/Boost/installed/lib/../lib]
    arg [-L/home/ctrtemp/Downloads/Libs/C_CPP/JsonCpp/installed/lib/../lib] ==> dir [/home/ctrtemp/Downloads/Libs/C_CPP/JsonCpp/installed/lib/../lib]
    arg [-L/home/ctrtemp/Downloads/Libs/C_CPP/Protobuf/installed/lib/../lib] ==> dir [/home/ctrtemp/Downloads/Libs/C_CPP/Protobuf/installed/lib/../lib]
    arg [-L/home/ctrtemp/Downloads/Libs/C_CPP/Base64/installed/lib/../lib] ==> dir [/home/ctrtemp/Downloads/Libs/C_CPP/Base64/installed/lib/../lib]
    arg [-L/usr/lib/gcc/x86_64-linux-gnu/11] ==> dir [/usr/lib/gcc/x86_64-linux-gnu/11]
    arg [-L/usr/lib/gcc/x86_64-linux-gnu/11/../../../x86_64-linux-gnu] ==> dir [/usr/lib/gcc/x86_64-linux-gnu/11/../../../x86_64-linux-gnu]
    arg [-L/usr/lib/gcc/x86_64-linux-gnu/11/../../../../lib] ==> dir [/usr/lib/gcc/x86_64-linux-gnu/11/../../../../lib]
    arg [-L/lib/x86_64-linux-gnu] ==> dir [/lib/x86_64-linux-gnu]
    arg [-L/lib/../lib] ==> dir [/lib/../lib]
    arg [-L/usr/lib/x86_64-linux-gnu] ==> dir [/usr/lib/x86_64-linux-gnu]
    arg [-L/usr/lib/../lib] ==> dir [/usr/lib/../lib]
    arg [-L.] ==> ignore
    arg [-L/home/ctrtemp/Downloads/Libs/C_CPP/GMP/installed/lib] ==> dir [/home/ctrtemp/Downloads/Libs/C_CPP/GMP/installed/lib]
    arg [-L/home/ctrtemp/Downloads/Libs/C_CPP/MPFR/installed/lib] ==> dir [/home/ctrtemp/Downloads/Libs/C_CPP/MPFR/installed/lib]
    arg [-L/home/ctrtemp/Downloads/Libs/C_CPP/MPC/installed/lib] ==> dir [/home/ctrtemp/Downloads/Libs/C_CPP/MPC/installed/lib]
    arg [-L/home/ctrtemp/Downloads/Libs/C_CPP/OpenCV/installed_4.5.2/lib] ==> dir [/home/ctrtemp/Downloads/Libs/C_CPP/OpenCV/installed_4.5.2/lib]
    arg [-L/home/ctrtemp/Downloads/Libs/C_CPP/GLFW/installed/lib] ==> dir [/home/ctrtemp/Downloads/Libs/C_CPP/GLFW/installed/lib]
    arg [-L/home/ctrtemp/Downloads/Libs/C_CPP/MPI/installed/lib] ==> dir [/home/ctrtemp/Downloads/Libs/C_CPP/MPI/installed/lib]
    arg [-L/home/ctrtemp/Downloads/Libs/C_CPP/glm/installed/lib] ==> dir [/home/ctrtemp/Downloads/Libs/C_CPP/glm/installed/lib]
    arg [-L/home/ctrtemp/Downloads/driver/NVIDIA-Linux-x86_64-525.85.05] ==> dir [/home/ctrtemp/Downloads/driver/NVIDIA-Linux-x86_64-525.85.05]
    arg [-L/home/ctrtemp/Downloads/Libs/C_CPP/Vulkan/1.3.224.1/x86_64/lib] ==> dir [/home/ctrtemp/Downloads/Libs/C_CPP/Vulkan/1.3.224.1/x86_64/lib]
    arg [-L/usr/local/cuda-11.7/lib64] ==> dir [/usr/local/cuda-11.7/lib64]
    arg [-L/home/ctrtemp/Downloads/Libs/C_CPP/Boost/installed/lib] ==> dir [/home/ctrtemp/Downloads/Libs/C_CPP/Boost/installed/lib]
    arg [-L/home/ctrtemp/Downloads/Libs/C_CPP/JsonCpp/installed/lib] ==> dir [/home/ctrtemp/Downloads/Libs/C_CPP/JsonCpp/installed/lib]
    arg [-L/home/ctrtemp/Downloads/Libs/C_CPP/Protobuf/installed/lib] ==> dir [/home/ctrtemp/Downloads/Libs/C_CPP/Protobuf/installed/lib]
    arg [-L/home/ctrtemp/Downloads/Libs/C_CPP/Base64/installed/lib] ==> dir [/home/ctrtemp/Downloads/Libs/C_CPP/Base64/installed/lib]
    arg [-L/usr/lib/gcc/x86_64-linux-gnu/11/../../..] ==> dir [/usr/lib/gcc/x86_64-linux-gnu/11/../../..]
    arg [CMakeFiles/cmTC_0eb02.dir/CMakeCXXCompilerABI.cpp.o] ==> ignore
    arg [-lstdc++] ==> lib [stdc++]
    arg [-lm] ==> lib [m]
    arg [-lgcc_s] ==> lib [gcc_s]
    arg [-lgcc] ==> lib [gcc]
    arg [-lc] ==> lib [c]
    arg [-lgcc_s] ==> lib [gcc_s]
    arg [-lgcc] ==> lib [gcc]
    arg [/usr/lib/gcc/x86_64-linux-gnu/11/crtendS.o] ==> obj [/usr/lib/gcc/x86_64-linux-gnu/11/crtendS.o]
    arg [/usr/lib/gcc/x86_64-linux-gnu/11/../../../x86_64-linux-gnu/crtn.o] ==> obj [/usr/lib/gcc/x86_64-linux-gnu/11/../../../x86_64-linux-gnu/crtn.o]
  collapse obj [/usr/lib/gcc/x86_64-linux-gnu/11/../../../x86_64-linux-gnu/Scrt1.o] ==> [/usr/lib/x86_64-linux-gnu/Scrt1.o]
  collapse obj [/usr/lib/gcc/x86_64-linux-gnu/11/../../../x86_64-linux-gnu/crti.o] ==> [/usr/lib/x86_64-linux-gnu/crti.o]
  collapse obj [/usr/lib/gcc/x86_64-linux-gnu/11/../../../x86_64-linux-gnu/crtn.o] ==> [/usr/lib/x86_64-linux-gnu/crtn.o]
  collapse library dir [/home/ctrtemp/Downloads/Libs/C_CPP/GMP/installed/lib/../lib] ==> [/home/ctrtemp/Downloads/Libs/C_CPP/GMP/installed/lib]
  collapse library dir [/home/ctrtemp/Downloads/Libs/C_CPP/MPFR/installed/lib/../lib] ==> [/home/ctrtemp/Downloads/Libs/C_CPP/MPFR/installed/lib]
  collapse library dir [/home/ctrtemp/Downloads/Libs/C_CPP/MPC/installed/lib/../lib] ==> [/home/ctrtemp/Downloads/Libs/C_CPP/MPC/installed/lib]
  collapse library dir [/home/ctrtemp/Downloads/Libs/C_CPP/OpenCV/installed_4.5.2/lib/../lib] ==> [/home/ctrtemp/Downloads/Libs/C_CPP/OpenCV/installed_4.5.2/lib]
  collapse library dir [/home/ctrtemp/Downloads/Libs/C_CPP/GLFW/installed/lib/../lib] ==> [/home/ctrtemp/Downloads/Libs/C_CPP/GLFW/installed/lib]
  collapse library dir [/home/ctrtemp/Downloads/Libs/C_CPP/MPI/installed/lib/../lib] ==> [/home/ctrtemp/Downloads/Libs/C_CPP/MPI/installed/lib]
  collapse library dir [/home/ctrtemp/Downloads/Libs/C_CPP/glm/installed/lib/../lib] ==> [/home/ctrtemp/Downloads/Libs/C_CPP/glm/installed/lib]
  collapse library dir [/home/ctrtemp/Downloads/Libs/C_CPP/Vulkan/1.3.224.1/x86_64/lib/../lib] ==> [/home/ctrtemp/Downloads/Libs/C_CPP/Vulkan/1.3.224.1/x86_64/lib]
  collapse library dir [/usr/local/cuda-11.7/lib64/../lib] ==> [/usr/local/cuda-11.7/lib]
  collapse library dir [/home/ctrtemp/Downloads/Libs/C_CPP/Boost/installed/lib/../lib] ==> [/home/ctrtemp/Downloads/Libs/C_CPP/Boost/installed/lib]
  collapse library dir [/home/ctrtemp/Downloads/Libs/C_CPP/JsonCpp/installed/lib/../lib] ==> [/home/ctrtemp/Downloads/Libs/C_CPP/JsonCpp/installed/lib]
  collapse library dir [/home/ctrtemp/Downloads/Libs/C_CPP/Protobuf/installed/lib/../lib] ==> [/home/ctrtemp/Downloads/Libs/C_CPP/Protobuf/installed/lib]
  collapse library dir [/home/ctrtemp/Downloads/Libs/C_CPP/Base64/installed/lib/../lib] ==> [/home/ctrtemp/Downloads/Libs/C_CPP/Base64/installed/lib]
  collapse library dir [/usr/lib/gcc/x86_64-linux-gnu/11] ==> [/usr/lib/gcc/x86_64-linux-gnu/11]
  collapse library dir [/usr/lib/gcc/x86_64-linux-gnu/11/../../../x86_64-linux-gnu] ==> [/usr/lib/x86_64-linux-gnu]
  collapse library dir [/usr/lib/gcc/x86_64-linux-gnu/11/../../../../lib] ==> [/usr/lib]
  collapse library dir [/lib/x86_64-linux-gnu] ==> [/lib/x86_64-linux-gnu]
  collapse library dir [/lib/../lib] ==> [/lib]
  collapse library dir [/usr/lib/x86_64-linux-gnu] ==> [/usr/lib/x86_64-linux-gnu]
  collapse library dir [/usr/lib/../lib] ==> [/usr/lib]
  collapse library dir [/home/ctrtemp/Downloads/Libs/C_CPP/GMP/installed/lib] ==> [/home/ctrtemp/Downloads/Libs/C_CPP/GMP/installed/lib]
  collapse library dir [/home/ctrtemp/Downloads/Libs/C_CPP/MPFR/installed/lib] ==> [/home/ctrtemp/Downloads/Libs/C_CPP/MPFR/installed/lib]
  collapse library dir [/home/ctrtemp/Downloads/Libs/C_CPP/MPC/installed/lib] ==> [/home/ctrtemp/Downloads/Libs/C_CPP/MPC/installed/lib]
  collapse library dir [/home/ctrtemp/Downloads/Libs/C_CPP/OpenCV/installed_4.5.2/lib] ==> [/home/ctrtemp/Downloads/Libs/C_CPP/OpenCV/installed_4.5.2/lib]
  collapse library dir [/home/ctrtemp/Downloads/Libs/C_CPP/GLFW/installed/lib] ==> [/home/ctrtemp/Downloads/Libs/C_CPP/GLFW/installed/lib]
  collapse library dir [/home/ctrtemp/Downloads/Libs/C_CPP/MPI/installed/lib] ==> [/home/ctrtemp/Downloads/Libs/C_CPP/MPI/installed/lib]
  collapse library dir [/home/ctrtemp/Downloads/Libs/C_CPP/glm/installed/lib] ==> [/home/ctrtemp/Downloads/Libs/C_CPP/glm/installed/lib]
  collapse library dir [/home/ctrtemp/Downloads/driver/NVIDIA-Linux-x86_64-525.85.05] ==> [/home/ctrtemp/Downloads/driver/NVIDIA-Linux-x86_64-525.85.05]
  collapse library dir [/home/ctrtemp/Downloads/Libs/C_CPP/Vulkan/1.3.224.1/x86_64/lib] ==> [/home/ctrtemp/Downloads/Libs/C_CPP/Vulkan/1.3.224.1/x86_64/lib]
  collapse library dir [/usr/local/cuda-11.7/lib64] ==> [/usr/local/cuda-11.7/lib64]
  collapse library dir [/home/ctrtemp/Downloads/Libs/C_CPP/Boost/installed/lib] ==> [/home/ctrtemp/Downloads/Libs/C_CPP/Boost/installed/lib]
  collapse library dir [/home/ctrtemp/Downloads/Libs/C_CPP/JsonCpp/installed/lib] ==> [/home/ctrtemp/Downloads/Libs/C_CPP/JsonCpp/installed/lib]
  collapse library dir [/home/ctrtemp/Downloads/Libs/C_CPP/Protobuf/installed/lib] ==> [/home/ctrtemp/Downloads/Libs/C_CPP/Protobuf/installed/lib]
  collapse library dir [/home/ctrtemp/Downloads/Libs/C_CPP/Base64/installed/lib] ==> [/home/ctrtemp/Downloads/Libs/C_CPP/Base64/installed/lib]
  collapse library dir [/usr/lib/gcc/x86_64-linux-gnu/11/../../..] ==> [/usr/lib]
  implicit libs: [stdc++;m;gcc_s;gcc;c;gcc_s;gcc]
  implicit objs: [/usr/lib/x86_64-linux-gnu/Scrt1.o;/usr/lib/x86_64-linux-gnu/crti.o;/usr/lib/gcc/x86_64-linux-gnu/11/crtbeginS.o;/usr/lib/gcc/x86_64-linux-gnu/11/crtendS.o;/usr/lib/x86_64-linux-gnu/crtn.o]
  implicit dirs: [/home/ctrtemp/Downloads/Libs/C_CPP/GMP/installed/lib;/home/ctrtemp/Downloads/Libs/C_CPP/MPFR/installed/lib;/home/ctrtemp/Downloads/Libs/C_CPP/MPC/installed/lib;/home/ctrtemp/Downloads/Libs/C_CPP/OpenCV/installed_4.5.2/lib;/home/ctrtemp/Downloads/Libs/C_CPP/GLFW/installed/lib;/home/ctrtemp/Downloads/Libs/C_CPP/MPI/installed/lib;/home/ctrtemp/Downloads/Libs/C_CPP/glm/installed/lib;/home/ctrtemp/Downloads/Libs/C_CPP/Vulkan/1.3.224.1/x86_64/lib;/usr/local/cuda-11.7/lib;/home/ctrtemp/Downloads/Libs/C_CPP/Boost/installed/lib;/home/ctrtemp/Downloads/Libs/C_CPP/JsonCpp/installed/lib;/home/ctrtemp/Downloads/Libs/C_CPP/Protobuf/installed/lib;/home/ctrtemp/Downloads/Libs/C_CPP/Base64/installed/lib;/usr/lib/gcc/x86_64-linux-gnu/11;/usr/lib/x86_64-linux-gnu;/usr/lib;/lib/x86_64-linux-gnu;/lib;/home/ctrtemp/Downloads/driver/NVIDIA-Linux-x86_64-525.85.05;/usr/local/cuda-11.7/lib64]
  implicit fwks: []


